<?xml version="1.0" encoding="utf-8"?>
<TestRun id="d7ec5719-12f7-49d2-b114-b4c36f01ab25" name="@sisnote 2025-11-02 22:14:27" xmlns="http://microsoft.com/schemas/VisualStudio/TeamTest/2010">
  <Times creation="2025-11-02T22:14:27.6742906-03:00" queuing="2025-11-02T22:14:27.6742907-03:00" start="2025-11-02T22:14:23.7324470-03:00" finish="2025-11-02T22:14:27.6989785-03:00" />
  <TestSettings name="default" id="00763078-62a7-472f-8c3e-cf92ee624c43">
    <Deployment runDeploymentRoot="_sisnote_2025-11-02_22_14_27" />
  </TestSettings>
  <Results>
    <UnitTestResult executionId="b455dd87-366f-4932-83d7-f417db50d31a" testId="8fc03f30-f1a6-c475-a497-db7065faac84" testName="Decode_ShouldReturnValidPacket" computerName="sisnote" duration="00:00:00.0365650" startTime="2025-11-02T22:14:26.5521365-03:00" endTime="2025-11-02T22:14:26.5885489-03:00" testType="13cdc9d9-ddb5-4fa4-a97d-d965ccfc6d4b" outcome="Passed" testListId="8c84fa94-04c1-424b-9868-57a2d4851a1d" relativeResultsDirectory="b455dd87-366f-4932-83d7-f417db50d31a" />
  </Results>
  <TestDefinitions>
    <UnitTest name="Decode_ShouldReturnValidPacket" storage="/home/arielx/repo/textpacketbuilder/tests/bin/debug/net8.0/tests.dll" id="8fc03f30-f1a6-c475-a497-db7065faac84">
      <Execution id="b455dd87-366f-4932-83d7-f417db50d31a" />
      <TestMethod codeBase="/home/arielx/repo/TextPacketBuilder/Tests/bin/Debug/net8.0/Tests.dll" adapterTypeName="executor://nunit3testexecutor/" className="Tests.Tests" name="Decode_ShouldReturnValidPacket" />
    </UnitTest>
  </TestDefinitions>
  <TestEntries>
    <TestEntry testId="8fc03f30-f1a6-c475-a497-db7065faac84" executionId="b455dd87-366f-4932-83d7-f417db50d31a" testListId="8c84fa94-04c1-424b-9868-57a2d4851a1d" />
  </TestEntries>
  <TestLists>
    <TestList name="Resultados sin formato de lista" id="8c84fa94-04c1-424b-9868-57a2d4851a1d" />
    <TestList name="Todos los resultados cargados" id="19431567-8539-422a-85d7-44ee4e166bda" />
  </TestLists>
  <ResultSummary outcome="Completed">
    <Counters total="1" executed="1" passed="1" failed="0" error="0" timeout="0" aborted="0" inconclusive="0" passedButRunAborted="0" notRunnable="0" notExecuted="0" disconnected="0" warning="0" completed="0" inProgress="0" pending="0" />
    <Output>
      <StdOut>NUnit Adapter 4.5.0.0: Test execution started
Running all tests in /home/arielx/repo/TextPacketBuilder/Tests/bin/Debug/net8.0/Tests.dll
   NUnit3TestExecutor discovered 1 of 1 NUnit test cases using Current Discovery mode, Non-Explicit run
NUnit Adapter 4.5.0.0: Test execution complete
</StdOut>
    </Output>
    <CollectorDataEntries>
      <Collector agentName="sisnote" uri="datacollector://microsoft/CoverletCodeCoverage/1.0" collectorDisplayName="XPlat code coverage">
        <UriAttachments>
          <UriAttachment>
            <A href="sisnote/coverage.cobertura.xml"></A>
          </UriAttachment>
        </UriAttachments>
      </Collector>
    </CollectorDataEntries>
  </ResultSummary>
</TestRun>